    OpenRGB v0.9
    Commit:  from 
    Launched: 20241008_194922
====================================================================================================

0     |Info:    Found file: profile01.orp attempting to validate header
0     |Info:    Valid v4 profile found for profile01
1001  |Info:    ------------------------------------------------------
1001  |Info:    |               Start device detection               |
1001  |Info:    ------------------------------------------------------
1001  |Info:    Initializing HID interfaces: Success
1010  |Info:    ------------------------------------------------------
1010  |Info:    |             Detecting I2C interfaces               |
1010  |Info:    ------------------------------------------------------
1010  |Info:    Registering I2C interface: /dev/i2c-3 Device 10DE:1E07 Subsystem: 3842:2383
1010  |Info:    Registering I2C interface: /dev/i2c-1 Device 10DE:1E07 Subsystem: 3842:2383
1010  |Info:    Registering I2C interface: /dev/i2c-6 Device 10DE:1E07 Subsystem: 3842:2383
1010  |Info:    Registering I2C interface: /dev/i2c-4 Device 10DE:1E07 Subsystem: 3842:2383
1010  |Info:    Registering I2C interface: /dev/i2c-2 Device 10DE:1E07 Subsystem: 3842:2383
1010  |Info:    Registering I2C interface: /dev/i2c-0 Device 10DE:1E07 Subsystem: 3842:2383
1010  |Info:    Registering I2C interface: /dev/i2c-7 Device 10DE:1AD7 Subsystem: 3842:2383
1010  |Info:    Registering I2C interface: /dev/i2c-5 Device 10DE:1E07 Subsystem: 3842:2383
1010  |Info:    ------------------------------------------------------
1010  |Info:    |               Detecting I2C devices                |
1010  |Info:    ------------------------------------------------------
1010  |Info:    ------------------------------------------------------
1010  |Info:    |               Detecting I2C PCI devices            |
1010  |Info:    ------------------------------------------------------
1038  |Info:    [EVGA GeForce RTX 2080Ti XC Ultra] Registering RGB controller
1038  |Info:    ------------------------------------------------------
1038  |Info:    |               Detecting HID devices                |
1038  |Info:    ------------------------------------------------------
1159  |Info:    [X570S AERO G] Registering RGB controller
1159  |Info:    ------------------------------------------------------
1159  |Info:    |            Detecting libusb HID devices            |
1159  |Info:    ------------------------------------------------------
1182  |Info:    ------------------------------------------------------
1182  |Info:    |              Detecting other devices               |
1182  |Info:    ------------------------------------------------------
1194  |Info:    ------------------------------------------------------
1194  |Info:    |                Detection completed                 |
1194  |Info:    ------------------------------------------------------
