    OpenRGB v0.9
    Commit:  from 
    Launched: 20241011_003717
====================================================================================================

0     |Info:    Found file: profile01.orp attempting to validate header
0     |Info:    Valid v4 profile found for profile01
1001  |Info:    ------------------------------------------------------
1001  |Info:    |               Start device detection               |
1001  |Info:    ------------------------------------------------------
1001  |Info:    Initializing HID interfaces: Success
1008  |Info:    ------------------------------------------------------
1008  |Info:    |             Detecting I2C interfaces               |
1008  |Info:    ------------------------------------------------------
1009  |Info:    Registering I2C interface: /dev/i2c-3 Device 10DE:1E07 Subsystem: 3842:2383
1009  |Info:    Registering I2C interface: /dev/i2c-1 Device 10DE:1E07 Subsystem: 3842:2383
1009  |Info:    Registering I2C interface: /dev/i2c-6 Device 10DE:1E07 Subsystem: 3842:2383
1009  |Info:    Registering I2C interface: /dev/i2c-4 Device 10DE:1E07 Subsystem: 3842:2383
1009  |Info:    Registering I2C interface: /dev/i2c-2 Device 10DE:1E07 Subsystem: 3842:2383
1009  |Info:    Registering I2C interface: /dev/i2c-0 Device 10DE:1E07 Subsystem: 3842:2383
1009  |Info:    Registering I2C interface: /dev/i2c-7 Device 10DE:1AD7 Subsystem: 3842:2383
1009  |Info:    Registering I2C interface: /dev/i2c-5 Device 10DE:1E07 Subsystem: 3842:2383
1009  |Info:    ------------------------------------------------------
1009  |Info:    |               Detecting I2C devices                |
1009  |Info:    ------------------------------------------------------
1009  |Info:    ------------------------------------------------------
1009  |Info:    |               Detecting I2C PCI devices            |
1009  |Info:    ------------------------------------------------------
1019  |Info:    [EVGA GeForce RTX 2080Ti XC Ultra] Registering RGB controller
1019  |Info:    ------------------------------------------------------
1019  |Info:    |               Detecting HID devices                |
1019  |Info:    ------------------------------------------------------
1138  |Info:    [X570S AERO G] Registering RGB controller
1138  |Info:    ------------------------------------------------------
1138  |Info:    |            Detecting libusb HID devices            |
1138  |Info:    ------------------------------------------------------
1270  |Info:    ------------------------------------------------------
1270  |Info:    |              Detecting other devices               |
1270  |Info:    ------------------------------------------------------
1281  |Info:    ------------------------------------------------------
1281  |Info:    |                Detection completed                 |
1281  |Info:    ------------------------------------------------------
1281  |Info:    Profile loading: FAILED! for EVGA GeForce RTX 2080Ti XC Ultra @ I2C: /dev/i2c-0, address 0x49
1281  |Info:    Profile loading: FAILED! for X570S AERO G @ HID: /dev/hidraw0
