    OpenRGB v0.9
    Commit:  from 
    Launched: 20241006_211740
====================================================================================================

0     |Info:    Found file: profile01.orp attempting to validate header
0     |Info:    Valid v4 profile found for profile01
1001  |Info:    ------------------------------------------------------
1001  |Info:    |               Start device detection               |
1001  |Info:    ------------------------------------------------------
1001  |Info:    Initializing HID interfaces: Success
1010  |Info:    ------------------------------------------------------
1010  |Info:    |             Detecting I2C interfaces               |
1010  |Info:    ------------------------------------------------------
1010  |Info:    Registering I2C interface: /dev/i2c-3 Device 10DE:1E07 Subsystem: 3842:2383
1010  |Info:    Registering I2C interface: /dev/i2c-1 Device 10DE:1E07 Subsystem: 3842:2383
1010  |Info:    Registering I2C interface: /dev/i2c-6 Device 10DE:1E07 Subsystem: 3842:2383
1010  |Info:    Registering I2C interface: /dev/i2c-4 Device 10DE:1E07 Subsystem: 3842:2383
1010  |Info:    Registering I2C interface: /dev/i2c-2 Device 10DE:1E07 Subsystem: 3842:2383
1010  |Info:    Registering I2C interface: /dev/i2c-0 Device 10DE:1AD7 Subsystem: 3842:2383
1010  |Info:    Registering I2C interface: /dev/i2c-7 Device 10DE:1E07 Subsystem: 3842:2383
1011  |Info:    Registering I2C interface: /dev/i2c-5 Device 10DE:1E07 Subsystem: 3842:2383
1011  |Info:    ------------------------------------------------------
1011  |Info:    |               Detecting I2C devices                |
1011  |Info:    ------------------------------------------------------
1011  |Info:    ------------------------------------------------------
1011  |Info:    |               Detecting I2C PCI devices            |
1011  |Info:    ------------------------------------------------------
1074  |Info:    [EVGA GeForce RTX 2080Ti XC Ultra] Registering RGB controller
1074  |Info:    ------------------------------------------------------
1074  |Info:    |               Detecting HID devices                |
1074  |Info:    ------------------------------------------------------
1194  |Info:    [X570S AERO G] Registering RGB controller
1194  |Info:    ------------------------------------------------------
1194  |Info:    |            Detecting libusb HID devices            |
1194  |Info:    ------------------------------------------------------
1216  |Info:    ------------------------------------------------------
1216  |Info:    |              Detecting other devices               |
1216  |Info:    ------------------------------------------------------
1227  |Info:    ------------------------------------------------------
1227  |Info:    |                Detection completed                 |
1227  |Info:    ------------------------------------------------------
20465 |Info:    Profile loading: Succeeded for EVGA GeForce RTX 2080Ti XC Ultra @ I2C: /dev/i2c-1, address 0x49
20465 |Info:    Profile loading: Succeeded for X570S AERO G @ HID: /dev/hidraw0
