    OpenRGB v0.9
    Commit:  from 
    Launched: 20241013_230156
====================================================================================================

0     |Info:    Found file: profile01.orp attempting to validate header
0     |Info:    Valid v4 profile found for profile01
1001  |Info:    ------------------------------------------------------
1001  |Info:    |               Start device detection               |
1001  |Info:    ------------------------------------------------------
1001  |Info:    Initializing HID interfaces: Success
1009  |Info:    ------------------------------------------------------
1009  |Info:    |             Detecting I2C interfaces               |
1009  |Info:    ------------------------------------------------------
1009  |Info:    Registering I2C interface: /dev/i2c-3 Device 10DE:1E07 Subsystem: 3842:2383
1009  |Info:    Registering I2C interface: /dev/i2c-1 Device 10DE:1E07 Subsystem: 3842:2383
1009  |Info:    Registering I2C interface: /dev/i2c-6 Device 10DE:1E07 Subsystem: 3842:2383
1009  |Info:    Registering I2C interface: /dev/i2c-4 Device 10DE:1E07 Subsystem: 3842:2383
1009  |Info:    Registering I2C interface: /dev/i2c-2 Device 10DE:1E07 Subsystem: 3842:2383
1009  |Info:    Registering I2C interface: /dev/i2c-0 Device 10DE:1E07 Subsystem: 3842:2383
1009  |Info:    Registering I2C interface: /dev/i2c-7 Device 10DE:1AD7 Subsystem: 3842:2383
1009  |Info:    Registering I2C interface: /dev/i2c-5 Device 10DE:1E07 Subsystem: 3842:2383
1009  |Info:    ------------------------------------------------------
1009  |Info:    |               Detecting I2C devices                |
1009  |Info:    ------------------------------------------------------
1009  |Info:    ------------------------------------------------------
1009  |Info:    |               Detecting I2C PCI devices            |
1009  |Info:    ------------------------------------------------------
1018  |Info:    [EVGA GeForce RTX 2080Ti XC Ultra] Registering RGB controller
1018  |Info:    ------------------------------------------------------
1018  |Info:    |               Detecting HID devices                |
1018  |Info:    ------------------------------------------------------
1137  |Info:    [X570S AERO G] Registering RGB controller
1137  |Info:    ------------------------------------------------------
1137  |Info:    |            Detecting libusb HID devices            |
1137  |Info:    ------------------------------------------------------
1272  |Info:    ------------------------------------------------------
1272  |Info:    |              Detecting other devices               |
1272  |Info:    ------------------------------------------------------
1283  |Info:    ------------------------------------------------------
1283  |Info:    |                Detection completed                 |
1283  |Info:    ------------------------------------------------------
1283  |Info:    Profile loading: Succeeded for EVGA GeForce RTX 2080Ti XC Ultra @ I2C: /dev/i2c-0, address 0x49
1283  |Info:    Profile loading: Succeeded for X570S AERO G @ HID: /dev/hidraw0
