    OpenRGB v0.9
    Commit:  from 
    Launched: 20241007_011729
====================================================================================================

0     |Info:    Found file: profile01.orp attempting to validate header
0     |Info:    Valid v4 profile found for profile01
1001  |Info:    ------------------------------------------------------
1001  |Info:    |               Start device detection               |
1001  |Info:    ------------------------------------------------------
1001  |Info:    Initializing HID interfaces: Success
1010  |Info:    ------------------------------------------------------
1010  |Info:    |             Detecting I2C interfaces               |
1010  |Info:    ------------------------------------------------------
1014  |Info:    Registering I2C interface: /dev/i2c-3 Device 10DE:1E07 Subsystem: 3842:2383
1014  |Info:    Registering I2C interface: /dev/i2c-1 Device 10DE:1E07 Subsystem: 3842:2383
1014  |Info:    Registering I2C interface: /dev/i2c-6 Device 10DE:1E07 Subsystem: 3842:2383
1014  |Info:    Registering I2C interface: /dev/i2c-4 Device 10DE:1E07 Subsystem: 3842:2383
1014  |Info:    Registering I2C interface: /dev/i2c-2 Device 10DE:1E07 Subsystem: 3842:2383
1014  |Info:    Registering I2C interface: /dev/i2c-0 Device 10DE:1E07 Subsystem: 3842:2383
1014  |Info:    Registering I2C interface: /dev/i2c-7 Device 10DE:1AD7 Subsystem: 3842:2383
1014  |Info:    Registering I2C interface: /dev/i2c-5 Device 10DE:1E07 Subsystem: 3842:2383
1014  |Info:    ------------------------------------------------------
1014  |Info:    |               Detecting I2C devices                |
1014  |Info:    ------------------------------------------------------
1014  |Info:    ------------------------------------------------------
1014  |Info:    |               Detecting I2C PCI devices            |
1014  |Info:    ------------------------------------------------------
1045  |Info:    [EVGA GeForce RTX 2080Ti XC Ultra] Registering RGB controller
1045  |Info:    ------------------------------------------------------
1045  |Info:    |               Detecting HID devices                |
1045  |Info:    ------------------------------------------------------
1167  |Info:    [X570S AERO G] Registering RGB controller
1167  |Info:    ------------------------------------------------------
1167  |Info:    |            Detecting libusb HID devices            |
1167  |Info:    ------------------------------------------------------
1195  |Info:    ------------------------------------------------------
1195  |Info:    |              Detecting other devices               |
1195  |Info:    ------------------------------------------------------
1206  |Info:    ------------------------------------------------------
1206  |Info:    |                Detection completed                 |
1206  |Info:    ------------------------------------------------------
19405 |Info:    Found file: profile01.orp attempting to validate header
19405 |Info:    Valid v4 profile found for profile01
