    OpenRGB v0.9
    Commit:  from 
    Launched: 20241007_184225
====================================================================================================

0     |Info:    Found file: profile01.orp attempting to validate header
0     |Info:    Valid v4 profile found for profile01
1002  |Info:    ------------------------------------------------------
1002  |Info:    |               Start device detection               |
1002  |Info:    ------------------------------------------------------
1002  |Info:    Initializing HID interfaces: Success
1011  |Info:    ------------------------------------------------------
1011  |Info:    |             Detecting I2C interfaces               |
1011  |Info:    ------------------------------------------------------
1011  |Info:    Registering I2C interface: /dev/i2c-3 Device 10DE:1E07 Subsystem: 3842:2383
1011  |Info:    Registering I2C interface: /dev/i2c-1 Device 10DE:1E07 Subsystem: 3842:2383
1011  |Info:    Registering I2C interface: /dev/i2c-6 Device 10DE:1E07 Subsystem: 3842:2383
1011  |Info:    Registering I2C interface: /dev/i2c-4 Device 10DE:1E07 Subsystem: 3842:2383
1011  |Info:    Registering I2C interface: /dev/i2c-2 Device 10DE:1E07 Subsystem: 3842:2383
1011  |Info:    Registering I2C interface: /dev/i2c-0 Device 10DE:1E07 Subsystem: 3842:2383
1011  |Info:    Registering I2C interface: /dev/i2c-7 Device 10DE:1AD7 Subsystem: 3842:2383
1011  |Info:    Registering I2C interface: /dev/i2c-5 Device 10DE:1E07 Subsystem: 3842:2383
1011  |Info:    ------------------------------------------------------
1011  |Info:    |               Detecting I2C devices                |
1011  |Info:    ------------------------------------------------------
1011  |Info:    ------------------------------------------------------
1011  |Info:    |               Detecting I2C PCI devices            |
1011  |Info:    ------------------------------------------------------
1037  |Info:    [EVGA GeForce RTX 2080Ti XC Ultra] Registering RGB controller
1037  |Info:    ------------------------------------------------------
1037  |Info:    |               Detecting HID devices                |
1037  |Info:    ------------------------------------------------------
1158  |Info:    [X570S AERO G] Registering RGB controller
1158  |Info:    ------------------------------------------------------
1158  |Info:    |            Detecting libusb HID devices            |
1158  |Info:    ------------------------------------------------------
1181  |Info:    ------------------------------------------------------
1181  |Info:    |              Detecting other devices               |
1181  |Info:    ------------------------------------------------------
1192  |Info:    ------------------------------------------------------
1192  |Info:    |                Detection completed                 |
1192  |Info:    ------------------------------------------------------
5959568|ERROR:   [OpenRGBPluginsPage] Failed to install plugin: filesystem error: cannot copy: No such file or directory [] [/home/vamshi/.config/OpenRGB/plugins/]
