    OpenRGB v0.9
    Commit:  from 
    Launched: 20241007_020054
====================================================================================================

0     |Info:    Found file: profile01.orp attempting to validate header
0     |Info:    Valid v4 profile found for profile01
1001  |Info:    ------------------------------------------------------
1001  |Info:    |               Start device detection               |
1001  |Info:    ------------------------------------------------------
1001  |Info:    Initializing HID interfaces: Success
1011  |Info:    ------------------------------------------------------
1011  |Info:    |             Detecting I2C interfaces               |
1011  |Info:    ------------------------------------------------------
1011  |Info:    Registering I2C interface: /dev/i2c-3 Device 10DE:1E07 Subsystem: 3842:2383
1011  |Info:    Registering I2C interface: /dev/i2c-1 Device 10DE:1E07 Subsystem: 3842:2383
1011  |Info:    Registering I2C interface: /dev/i2c-6 Device 10DE:1E07 Subsystem: 3842:2383
1011  |Info:    Registering I2C interface: /dev/i2c-4 Device 10DE:1E07 Subsystem: 3842:2383
1011  |Info:    Registering I2C interface: /dev/i2c-2 Device 10DE:1E07 Subsystem: 3842:2383
1012  |Info:    Registering I2C interface: /dev/i2c-0 Device 10DE:1E07 Subsystem: 3842:2383
1012  |Info:    Registering I2C interface: /dev/i2c-7 Device 10DE:1AD7 Subsystem: 3842:2383
1012  |Info:    Registering I2C interface: /dev/i2c-5 Device 10DE:1E07 Subsystem: 3842:2383
1012  |Info:    ------------------------------------------------------
1012  |Info:    |               Detecting I2C devices                |
1012  |Info:    ------------------------------------------------------
1012  |Info:    ------------------------------------------------------
1012  |Info:    |               Detecting I2C PCI devices            |
1012  |Info:    ------------------------------------------------------
1048  |Info:    [EVGA GeForce RTX 2080Ti XC Ultra] Registering RGB controller
1049  |Info:    ------------------------------------------------------
1049  |Info:    |               Detecting HID devices                |
1049  |Info:    ------------------------------------------------------
1169  |Info:    [X570S AERO G] Registering RGB controller
1169  |Info:    ------------------------------------------------------
1169  |Info:    |            Detecting libusb HID devices            |
1169  |Info:    ------------------------------------------------------
1195  |Info:    ------------------------------------------------------
1195  |Info:    |              Detecting other devices               |
1195  |Info:    ------------------------------------------------------
1207  |Info:    ------------------------------------------------------
1207  |Info:    |                Detection completed                 |
1207  |Info:    ------------------------------------------------------
21345 |Info:    Found file: profile01.orp attempting to validate header
21345 |Info:    Valid v4 profile found for profile01
