    OpenRGB v0.9
    Commit:  from 
    Launched: 20241005_204951
====================================================================================================

0     |Info:    Found file: profile01.orp attempting to validate header
0     |Info:    Valid v4 profile found for profile01
1001  |Info:    ------------------------------------------------------
1001  |Info:    |               Start device detection               |
1001  |Info:    ------------------------------------------------------
1001  |Info:    Initializing HID interfaces: Success
1010  |Info:    ------------------------------------------------------
1010  |Info:    |             Detecting I2C interfaces               |
1010  |Info:    ------------------------------------------------------
1012  |Info:    Registering I2C interface: /dev/i2c-3 Device 10DE:1E07 Subsystem: 3842:2383
1013  |Info:    Registering I2C interface: /dev/i2c-1 Device 10DE:1E07 Subsystem: 3842:2383
1013  |Info:    Registering I2C interface: /dev/i2c-6 Device 10DE:1E07 Subsystem: 3842:2383
1013  |Info:    Registering I2C interface: /dev/i2c-4 Device 10DE:1E07 Subsystem: 3842:2383
1013  |Info:    Registering I2C interface: /dev/i2c-2 Device 10DE:1E07 Subsystem: 3842:2383
1013  |Info:    Registering I2C interface: /dev/i2c-0 Device 10DE:1AD7 Subsystem: 3842:2383
1013  |Info:    Registering I2C interface: /dev/i2c-7 Device 10DE:1E07 Subsystem: 3842:2383
1013  |Info:    Registering I2C interface: /dev/i2c-5 Device 10DE:1E07 Subsystem: 3842:2383
1013  |Info:    ------------------------------------------------------
1013  |Info:    |               Detecting I2C devices                |
1013  |Info:    ------------------------------------------------------
1013  |Info:    ------------------------------------------------------
1013  |Info:    |               Detecting I2C PCI devices            |
1013  |Info:    ------------------------------------------------------
1069  |Info:    [EVGA GeForce RTX 2080Ti XC Ultra] Registering RGB controller
1069  |Info:    ------------------------------------------------------
1069  |Info:    |               Detecting HID devices                |
1069  |Info:    ------------------------------------------------------
1248  |Info:    [X570S AERO G] Registering RGB controller
1248  |Info:    ------------------------------------------------------
1248  |Info:    |            Detecting libusb HID devices            |
1248  |Info:    ------------------------------------------------------
1272  |Info:    ------------------------------------------------------
1272  |Info:    |              Detecting other devices               |
1272  |Info:    ------------------------------------------------------
1283  |Info:    ------------------------------------------------------
1283  |Info:    |                Detection completed                 |
1283  |Info:    ------------------------------------------------------
5037  |Info:    Found file: profile01.orp attempting to validate header
5037  |Info:    Valid v4 profile found for profile01
35723 |Info:    Found file: profile01.orp attempting to validate header
35723 |Info:    Valid v4 profile found for profile01
43916 |Info:    Found file: profile01.orp attempting to validate header
43916 |Info:    Valid v4 profile found for profile01
50796 |Info:    Found file: profile01.orp attempting to validate header
50796 |Info:    Valid v4 profile found for profile01
53436 |Info:    Found file: profile01.orp attempting to validate header
53436 |Info:    Valid v4 profile found for profile01
65411 |Info:    Found file: profile01.orp attempting to validate header
65411 |Info:    Valid v4 profile found for profile01
