[2024-10-11 00:22:53.051] [error] Unrecognized Content-Security-Policy directive 'prefetch-src'.
[2024-10-11 00:22:53.239] [error] Unrecognized Content-Security-Policy directive 'prefetch-src'.
[2024-10-11 00:22:53.240] [error] Unrecognized Content-Security-Policy directive 'prefetch-src'.
[2024-10-11 00:22:53.817] [info]  Initializing voice engine with audio subsystem: standard
[2024-10-11 00:22:53.893] [info]  [default] [BUILD INFO] Release Channel: stable, Build Number: 334940, Version Hash: c24443d9843b400aa6e062145937116740d2bffd
[2024-10-11 00:22:54.016] [info]  [default] [NATIVE INFO] host 0.0.71, modules: discord_desktop_core: 1, discord_erlpack: 1, discord_spellcheck: 1, discord_utils: 1, discord_voice: 1, discord_zstd: 1, build: null
[2024-10-11 00:22:54.061] [error] [Spellchecker] sh is not a valid locale.
[2024-10-11 00:22:54.125] [info]  [Spellchecker] Switching to en-US (available)
[2024-10-11 00:22:54.126] [error] Unrecognized Content-Security-Policy directive 'prefetch-src'.
[2024-10-11 00:22:54.133] [error] Unrecognized Content-Security-Policy directive 'prefetch-src'.
[2024-10-11 00:22:54.779] [warn]  [CloudSyncUtils] CloudSync is not supported on this platform
[2024-10-11 00:22:54.882] [warn]  [DEPRECATED] Please use `subscribeWithSelector` middleware
[2024-10-11 00:22:54.957] [error] Unrecognized Content-Security-Policy directive 'prefetch-src'.
[2024-10-11 00:22:54.957] [error] Unrecognized Content-Security-Policy directive 'prefetch-src'.
[2024-10-11 00:22:57.286] [info]  [RPCServer:WSS] Starting on 6463
[2024-10-11 00:22:57.293] [info]  [RPCServer:IPC] Starting on /run/user/1000/discord-ipc-0
[2024-10-11 00:22:58.127] [warn]  The resource https://discordapp.com/assets/b21c5111a12372139409.woff2 was preloaded using link preload but not used within a few seconds from the window's load event. Please make sure it has an appropriate `as` value and it is preloaded intentionally.
[2024-10-11 00:22:58.127] [warn]  The resource https://discordapp.com/assets/f5b8aa3411dfc24ff2e6.woff2 was preloaded using link preload but not used within a few seconds from the window's load event. Please make sure it has an appropriate `as` value and it is preloaded intentionally.
[2024-10-11 00:22:58.127] [warn]  The resource https://discordapp.com/assets/8bd8143eff37936894aa.woff2 was preloaded using link preload but not used within a few seconds from the window's load event. Please make sure it has an appropriate `as` value and it is preloaded intentionally.
[2024-10-11 00:22:58.128] [warn]  The resource https://discordapp.com/assets/48a594e29497835802fe.woff2 was preloaded using link preload but not used within a few seconds from the window's load event. Please make sure it has an appropriate `as` value and it is preloaded intentionally.
[2024-10-11 00:22:58.128] [warn]  The resource https://discordapp.com/assets/452d7be36bf4b23241bd.woff2 was preloaded using link preload but not used within a few seconds from the window's load event. Please make sure it has an appropriate `as` value and it is preloaded intentionally.
[2024-10-11 00:22:58.128] [warn]  The resource https://discordapp.com/assets/8234e0a75aa9afb205bd.woff2 was preloaded using link preload but not used within a few seconds from the window's load event. Please make sure it has an appropriate `as` value and it is preloaded intentionally.
[2024-10-11 00:22:59.175] [info]  [RPCServer:WSS] Socket Message: 3 [object Object]
[2024-10-11 00:22:59.181] [info]  [RPCServer:WSS] Socket Emit: 3 [object Object]
[2024-10-11 00:22:59.206] [info]  [LoginQRSocket] [0ms] connecting to wss://remote-auth-gateway.discord.gg/?v=2
[2024-10-11 00:22:59.452] [info]  [LoginQRSocket] [246ms] got hello, auth timeout=332084ms
[2024-10-11 00:22:59.483] [info]  [LoginQRSocket] [277ms] connected, handshaking with fingerprint: iVwORohjD_RZcsuWh_2xwdbwfQsY_vYSh8ne0A2CEtM
[2024-10-11 00:22:59.552] [info]  [LoginQRSocket] [345ms] computed nonce proof
[2024-10-11 00:22:59.617] [info]  [LoginQRSocket] [411ms] handshake complete awaiting remote auth.
[2024-10-11 00:23:02.627] [warn]  The resource https://discordapp.com/assets/b21c5111a12372139409.woff2 was preloaded using link preload but not used within a few seconds from the window's load event. Please make sure it has an appropriate `as` value and it is preloaded intentionally.
[2024-10-11 00:23:02.627] [warn]  The resource https://discordapp.com/assets/f5b8aa3411dfc24ff2e6.woff2 was preloaded using link preload but not used within a few seconds from the window's load event. Please make sure it has an appropriate `as` value and it is preloaded intentionally.
[2024-10-11 00:23:02.628] [warn]  The resource https://discordapp.com/assets/8bd8143eff37936894aa.woff2 was preloaded using link preload but not used within a few seconds from the window's load event. Please make sure it has an appropriate `as` value and it is preloaded intentionally.
[2024-10-11 00:23:02.628] [warn]  The resource https://discordapp.com/assets/48a594e29497835802fe.woff2 was preloaded using link preload but not used within a few seconds from the window's load event. Please make sure it has an appropriate `as` value and it is preloaded intentionally.
[2024-10-11 00:23:02.628] [warn]  The resource https://discordapp.com/assets/452d7be36bf4b23241bd.woff2 was preloaded using link preload but not used within a few seconds from the window's load event. Please make sure it has an appropriate `as` value and it is preloaded intentionally.
[2024-10-11 00:23:02.628] [warn]  The resource https://discordapp.com/assets/8234e0a75aa9afb205bd.woff2 was preloaded using link preload but not used within a few seconds from the window's load event. Please make sure it has an appropriate `as` value and it is preloaded intentionally.
[2024-10-11 00:23:17.220] [info]  [Flux] Dispatching LOGIN
[2024-10-11 00:23:17.949] [info]  [Flux] Dispatching LOGIN_SUCCESS
[2024-10-11 00:23:17.954] [info]  [Routing/Utils] transitionTo - Transitioning to /app
[2024-10-11 00:23:17.960] [info]  [GatewaySocket] [CONNECT] wss://gateway.discord.gg, encoding: etf, version: 9, compression: zstd-stream
[2024-10-11 00:23:17.962] [info]  [LoginQRSocket] [18756ms] cleaning up
[2024-10-11 00:23:18.162] [info]  [GatewaySocket] [CONNECTED] wss://gateway.discord.gg/?encoding=etf&v=9&compress=zstd-stream in 201 ms
[2024-10-11 00:23:18.368] [info]  [GatewaySocket] [READY] took 407ms, as e4ac429d1487afd0b58a43b367859afe
[2024-10-11 00:23:18.371] [info]  [Flux] Dispatching CONNECTION_OPEN
[2024-10-11 00:23:18.374] [info]  [DatabaseManager] removing database (user: 784854517564309524, database: undefined)
[2024-10-11 00:23:18.378] [warn]  [NativeDispatchUtils] Tried getting Dispatch instance before instantiated
[2024-10-11 00:23:18.401] [info]  [GatewaySocket] [READY_SUPPLEMENTAL] took 441ms
[2024-10-11 00:23:18.517] [info]  [discord_protos.discord_users.v1.FrecencyUserSettings] Loading proto
[2024-10-11 00:23:18.650] [error] Unrecognized Content-Security-Policy directive 'prefetch-src'.
[2024-10-11 00:23:20.673] [error] Access to XMLHttpRequest at 'https://cdn.discordapp.com/changelogs/config_0.json?x=4' from origin 'https://discordapp.com' has been blocked by CORS policy: No 'Access-Control-Allow-Origin' header is present on the requested resource.
[2024-10-11 00:23:20.676] [error] Uncaught (in promise) Error: Request has been terminated
Possible causes: the network is offline, Origin is not allowed by Access-Control-Allow-Origin, the page is being unloaded, etc.
[2024-10-11 00:23:20.688] [error] Uncaught (in promise) #<Object>
[2024-10-11 00:23:24.847] [warn]  The resource https://discordapp.com/assets/b21c5111a12372139409.woff2 was preloaded using link preload but not used within a few seconds from the window's load event. Please make sure it has an appropriate `as` value and it is preloaded intentionally.
[2024-10-11 00:23:24.848] [warn]  The resource https://discordapp.com/assets/f5b8aa3411dfc24ff2e6.woff2 was preloaded using link preload but not used within a few seconds from the window's load event. Please make sure it has an appropriate `as` value and it is preloaded intentionally.
[2024-10-11 00:23:24.848] [warn]  The resource https://discordapp.com/assets/8bd8143eff37936894aa.woff2 was preloaded using link preload but not used within a few seconds from the window's load event. Please make sure it has an appropriate `as` value and it is preloaded intentionally.
[2024-10-11 00:23:24.848] [warn]  The resource https://discordapp.com/assets/48a594e29497835802fe.woff2 was preloaded using link preload but not used within a few seconds from the window's load event. Please make sure it has an appropriate `as` value and it is preloaded intentionally.
[2024-10-11 00:23:24.848] [warn]  The resource https://discordapp.com/assets/452d7be36bf4b23241bd.woff2 was preloaded using link preload but not used within a few seconds from the window's load event. Please make sure it has an appropriate `as` value and it is preloaded intentionally.
[2024-10-11 00:23:24.848] [warn]  The resource https://discordapp.com/assets/8234e0a75aa9afb205bd.woff2 was preloaded using link preload but not used within a few seconds from the window's load event. Please make sure it has an appropriate `as` value and it is preloaded intentionally.
[2024-10-11 00:23:27.868] [warn]  The resource https://discordapp.com/assets/b21c5111a12372139409.woff2 was preloaded using link preload but not used within a few seconds from the window's load event. Please make sure it has an appropriate `as` value and it is preloaded intentionally.
[2024-10-11 00:23:27.868] [warn]  The resource https://discordapp.com/assets/f5b8aa3411dfc24ff2e6.woff2 was preloaded using link preload but not used within a few seconds from the window's load event. Please make sure it has an appropriate `as` value and it is preloaded intentionally.
[2024-10-11 00:23:27.868] [warn]  The resource https://discordapp.com/assets/8bd8143eff37936894aa.woff2 was preloaded using link preload but not used within a few seconds from the window's load event. Please make sure it has an appropriate `as` value and it is preloaded intentionally.
[2024-10-11 00:23:27.868] [warn]  The resource https://discordapp.com/assets/48a594e29497835802fe.woff2 was preloaded using link preload but not used within a few seconds from the window's load event. Please make sure it has an appropriate `as` value and it is preloaded intentionally.
[2024-10-11 00:23:27.869] [warn]  The resource https://discordapp.com/assets/452d7be36bf4b23241bd.woff2 was preloaded using link preload but not used within a few seconds from the window's load event. Please make sure it has an appropriate `as` value and it is preloaded intentionally.
[2024-10-11 00:23:27.869] [warn]  The resource https://discordapp.com/assets/8234e0a75aa9afb205bd.woff2 was preloaded using link preload but not used within a few seconds from the window's load event. Please make sure it has an appropriate `as` value and it is preloaded intentionally.
[2024-10-11 00:23:28.383] [info]  [ReadStateStore] Deleting ReadState 731242122186981378 0 [object Object]
[2024-10-11 00:23:28.483] [info]  [ReadStateStore] Deleting ReadState 1113579131850981446 0 [object Object]
[2024-10-11 00:24:31.105] [error] Unrecognized Content-Security-Policy directive 'prefetch-src'.
[2024-10-11 00:24:31.326] [info]  [FAST CONNECT] wss://gateway.discord.gg/?encoding=etf&v=9&compress=zstd-stream, encoding: etf, version: 9
[2024-10-11 00:24:31.526] [info]  [FAST CONNECT] connected in 200ms
[2024-10-11 00:24:31.800] [info]  Initializing voice engine with audio subsystem: standard
[2024-10-11 00:24:31.851] [info]  [default] [BUILD INFO] Release Channel: stable, Build Number: 334940, Version Hash: c24443d9843b400aa6e062145937116740d2bffd
[2024-10-11 00:24:31.892] [info]  [default] [NATIVE INFO] host 0.0.71, modules: discord_desktop_core: 1, discord_erlpack: 1, discord_spellcheck: 1, discord_utils: 1, discord_voice: 1, discord_zstd: 1, discord_krisp: 1, discord_game_utils: 1, discord_rpc: 1, build: null
[2024-10-11 00:24:32.504] [error] [Spellchecker] sh is not a valid locale.
[2024-10-11 00:24:32.547] [error] Unrecognized Content-Security-Policy directive 'prefetch-src'.
[2024-10-11 00:24:32.548] [info]  [Spellchecker] Switching to en-US (available)
[2024-10-11 00:24:32.561] [error] Unrecognized Content-Security-Policy directive 'prefetch-src'.
[2024-10-11 00:24:32.689] [warn]  [CloudSyncUtils] CloudSync is not supported on this platform
[2024-10-11 00:24:32.722] [warn]  [DEPRECATED] Please use `subscribeWithSelector` middleware
[2024-10-11 00:24:32.745] [info]  [GatewaySocket] [CONNECT] wss://gateway.discord.gg, encoding: etf, version: 9, compression: zstd-stream
[2024-10-11 00:24:32.746] [info]  [GatewaySocket] [FAST CONNECT] successfully took over websocket, state: [object Object]
[2024-10-11 00:24:32.746] [info]  [GatewaySocket] [CONNECTED] wss://gateway.discord.gg/?encoding=etf&v=9&compress=zstd-stream in 0 ms
[2024-10-11 00:24:32.779] [info]  [RPCServer:WSS] Starting on 6463
[2024-10-11 00:24:32.781] [info]  [RPCServer:IPC] Starting on /run/user/1000/discord-ipc-0
[2024-10-11 00:24:33.025] [info]  [GatewaySocket] [READY] took 280ms, as 97fa1d5832c79e1cf7acbee8f8a835fa
[2024-10-11 00:24:33.027] [info]  [Flux] Dispatching CONNECTION_OPEN
[2024-10-11 00:24:33.030] [info]  [DatabaseManager] removing database (user: 784854517564309524, database: undefined)
[2024-10-11 00:24:33.032] [warn]  [NativeDispatchUtils] Tried getting Dispatch instance before instantiated
[2024-10-11 00:24:33.048] [info]  [GatewaySocket] [READY_SUPPLEMENTAL] took 303ms
[2024-10-11 00:24:33.158] [info]  [discord_protos.discord_users.v1.FrecencyUserSettings] Loading proto
[2024-10-11 00:24:33.226] [error] Unrecognized Content-Security-Policy directive 'prefetch-src'.
[2024-10-11 00:24:35.340] [error] Uncaught (in promise) #<Object>
[2024-10-11 00:24:35.347] [error] Access to XMLHttpRequest at 'https://cdn.discordapp.com/changelogs/config_0.json?x=4' from origin 'https://discordapp.com' has been blocked by CORS policy: No 'Access-Control-Allow-Origin' header is present on the requested resource.
[2024-10-11 00:24:35.350] [error] Uncaught (in promise) Error: Request has been terminated
Possible causes: the network is offline, Origin is not allowed by Access-Control-Allow-Origin, the page is being unloaded, etc.
[2024-10-11 00:24:38.807] [warn]  The resource https://discordapp.com/assets/b21c5111a12372139409.woff2 was preloaded using link preload but not used within a few seconds from the window's load event. Please make sure it has an appropriate `as` value and it is preloaded intentionally.
[2024-10-11 00:24:38.807] [warn]  The resource https://discordapp.com/assets/f5b8aa3411dfc24ff2e6.woff2 was preloaded using link preload but not used within a few seconds from the window's load event. Please make sure it has an appropriate `as` value and it is preloaded intentionally.
[2024-10-11 00:24:38.807] [warn]  The resource https://discordapp.com/assets/8bd8143eff37936894aa.woff2 was preloaded using link preload but not used within a few seconds from the window's load event. Please make sure it has an appropriate `as` value and it is preloaded intentionally.
[2024-10-11 00:24:38.807] [warn]  The resource https://discordapp.com/assets/48a594e29497835802fe.woff2 was preloaded using link preload but not used within a few seconds from the window's load event. Please make sure it has an appropriate `as` value and it is preloaded intentionally.
[2024-10-11 00:24:38.807] [warn]  The resource https://discordapp.com/assets/452d7be36bf4b23241bd.woff2 was preloaded using link preload but not used within a few seconds from the window's load event. Please make sure it has an appropriate `as` value and it is preloaded intentionally.
[2024-10-11 00:24:38.807] [warn]  The resource https://discordapp.com/assets/8234e0a75aa9afb205bd.woff2 was preloaded using link preload but not used within a few seconds from the window's load event. Please make sure it has an appropriate `as` value and it is preloaded intentionally.
[2024-10-11 00:24:43.036] [info]  [ReadStateStore] Deleting ReadState 734846525930340514 0 [object Object]
[2024-10-11 00:24:43.136] [info]  [ReadStateStore] Deleting ReadState 1113579103925305354 0 [object Object]
[2024-10-11 00:24:44.484] [info]  [MessageActionCreators] Fetching messages for 1217815816951566441 between undefined and undefined. jump={"jumpType":"ANIMATED"}
[2024-10-11 00:24:44.552] [error] Unrecognized Content-Security-Policy directive 'prefetch-src'.
[2024-10-11 00:24:44.672] [info]  [MessageActionCreators] Fetched 1 messages for 1217815816951566441 isBefore:false isAfter:false
[2024-10-11 00:24:44.674] [info]  [ChannelMessages] loadComplete: resetting state for channelId=1217815816951566441, sending.length=0
[2024-10-11 00:24:50.689] [warn]  The resource https://discordapp.com/assets/b21c5111a12372139409.woff2 was preloaded using link preload but not used within a few seconds from the window's load event. Please make sure it has an appropriate `as` value and it is preloaded intentionally.
[2024-10-11 00:24:50.689] [warn]  The resource https://discordapp.com/assets/f5b8aa3411dfc24ff2e6.woff2 was preloaded using link preload but not used within a few seconds from the window's load event. Please make sure it has an appropriate `as` value and it is preloaded intentionally.
[2024-10-11 00:24:50.689] [warn]  The resource https://discordapp.com/assets/8bd8143eff37936894aa.woff2 was preloaded using link preload but not used within a few seconds from the window's load event. Please make sure it has an appropriate `as` value and it is preloaded intentionally.
[2024-10-11 00:24:50.689] [warn]  The resource https://discordapp.com/assets/48a594e29497835802fe.woff2 was preloaded using link preload but not used within a few seconds from the window's load event. Please make sure it has an appropriate `as` value and it is preloaded intentionally.
[2024-10-11 00:24:50.690] [warn]  The resource https://discordapp.com/assets/452d7be36bf4b23241bd.woff2 was preloaded using link preload but not used within a few seconds from the window's load event. Please make sure it has an appropriate `as` value and it is preloaded intentionally.
[2024-10-11 00:24:50.690] [warn]  The resource https://discordapp.com/assets/8234e0a75aa9afb205bd.woff2 was preloaded using link preload but not used within a few seconds from the window's load event. Please make sure it has an appropriate `as` value and it is preloaded intentionally.
[2024-10-11 00:24:54.194] [warn]  The resource https://discordapp.com/assets/b21c5111a12372139409.woff2 was preloaded using link preload but not used within a few seconds from the window's load event. Please make sure it has an appropriate `as` value and it is preloaded intentionally.
[2024-10-11 00:24:54.195] [warn]  The resource https://discordapp.com/assets/f5b8aa3411dfc24ff2e6.woff2 was preloaded using link preload but not used within a few seconds from the window's load event. Please make sure it has an appropriate `as` value and it is preloaded intentionally.
[2024-10-11 00:24:54.195] [warn]  The resource https://discordapp.com/assets/8bd8143eff37936894aa.woff2 was preloaded using link preload but not used within a few seconds from the window's load event. Please make sure it has an appropriate `as` value and it is preloaded intentionally.
[2024-10-11 00:24:54.195] [warn]  The resource https://discordapp.com/assets/48a594e29497835802fe.woff2 was preloaded using link preload but not used within a few seconds from the window's load event. Please make sure it has an appropriate `as` value and it is preloaded intentionally.
[2024-10-11 00:24:54.195] [warn]  The resource https://discordapp.com/assets/452d7be36bf4b23241bd.woff2 was preloaded using link preload but not used within a few seconds from the window's load event. Please make sure it has an appropriate `as` value and it is preloaded intentionally.
[2024-10-11 00:24:54.195] [warn]  The resource https://discordapp.com/assets/8234e0a75aa9afb205bd.woff2 was preloaded using link preload but not used within a few seconds from the window's load event. Please make sure it has an appropriate `as` value and it is preloaded intentionally.
[2024-10-11 00:25:08.057] [info]  [MessageActionCreators] Fetching messages for 1073978325560737803 between undefined and undefined. jump={"jumpType":"ANIMATED"}
[2024-10-11 00:25:08.306] [info]  [MessageActionCreators] Fetched 1 messages for 1073978325560737803 isBefore:false isAfter:false
[2024-10-11 00:25:08.307] [info]  [ChannelMessages] loadComplete: resetting state for channelId=1073978325560737803, sending.length=0
[2024-10-11 00:25:10.376] [info]  [MessageActionCreators] Fetching messages for 1026569881749037076 between undefined and undefined. jump={"jumpType":"ANIMATED"}
[2024-10-11 00:25:10.661] [warn]  [UserProfileModalActionCreators] fetchProfile error: 10013 - Unknown User
[2024-10-11 00:25:10.664] [error] Uncaught (in promise) #<Object>
[2024-10-11 00:25:11.215] [info]  [MessageActionCreators] Fetched 1 messages for 1026569881749037076 isBefore:false isAfter:false
[2024-10-11 00:25:11.217] [info]  [ChannelMessages] loadComplete: resetting state for channelId=1026569881749037076, sending.length=0
[2024-10-11 00:25:11.599] [error] Unrecognized Content-Security-Policy directive 'prefetch-src'.
[2024-10-11 00:25:11.599] [error] Unrecognized Content-Security-Policy directive 'prefetch-src'.
[2024-10-11 00:25:11.600] [error] Unrecognized Content-Security-Policy directive 'prefetch-src'.
[2024-10-11 00:25:11.601] [error] Unrecognized Content-Security-Policy directive 'prefetch-src'.
[2024-10-11 00:25:16.826] [warn]  The resource https://discordapp.com/assets/b21c5111a12372139409.woff2 was preloaded using link preload but not used within a few seconds from the window's load event. Please make sure it has an appropriate `as` value and it is preloaded intentionally.
[2024-10-11 00:25:16.826] [warn]  The resource https://discordapp.com/assets/f5b8aa3411dfc24ff2e6.woff2 was preloaded using link preload but not used within a few seconds from the window's load event. Please make sure it has an appropriate `as` value and it is preloaded intentionally.
[2024-10-11 00:25:16.826] [warn]  The resource https://discordapp.com/assets/8bd8143eff37936894aa.woff2 was preloaded using link preload but not used within a few seconds from the window's load event. Please make sure it has an appropriate `as` value and it is preloaded intentionally.
[2024-10-11 00:25:16.826] [warn]  The resource https://discordapp.com/assets/48a594e29497835802fe.woff2 was preloaded using link preload but not used within a few seconds from the window's load event. Please make sure it has an appropriate `as` value and it is preloaded intentionally.
[2024-10-11 00:25:16.827] [warn]  The resource https://discordapp.com/assets/452d7be36bf4b23241bd.woff2 was preloaded using link preload but not used within a few seconds from the window's load event. Please make sure it has an appropriate `as` value and it is preloaded intentionally.
[2024-10-11 00:25:16.827] [warn]  The resource https://discordapp.com/assets/8234e0a75aa9afb205bd.woff2 was preloaded using link preload but not used within a few seconds from the window's load event. Please make sure it has an appropriate `as` value and it is preloaded intentionally.
[2024-10-11 00:25:50.976] [warn]  The resource https://discordapp.com/assets/b21c5111a12372139409.woff2 was preloaded using link preload but not used within a few seconds from the window's load event. Please make sure it has an appropriate `as` value and it is preloaded intentionally.
[2024-10-11 00:25:50.976] [warn]  The resource https://discordapp.com/assets/f5b8aa3411dfc24ff2e6.woff2 was preloaded using link preload but not used within a few seconds from the window's load event. Please make sure it has an appropriate `as` value and it is preloaded intentionally.
[2024-10-11 00:25:50.976] [warn]  The resource https://discordapp.com/assets/8bd8143eff37936894aa.woff2 was preloaded using link preload but not used within a few seconds from the window's load event. Please make sure it has an appropriate `as` value and it is preloaded intentionally.
[2024-10-11 00:25:50.976] [warn]  The resource https://discordapp.com/assets/48a594e29497835802fe.woff2 was preloaded using link preload but not used within a few seconds from the window's load event. Please make sure it has an appropriate `as` value and it is preloaded intentionally.
[2024-10-11 00:25:50.976] [warn]  The resource https://discordapp.com/assets/452d7be36bf4b23241bd.woff2 was preloaded using link preload but not used within a few seconds from the window's load event. Please make sure it has an appropriate `as` value and it is preloaded intentionally.
[2024-10-11 00:25:50.977] [warn]  The resource https://discordapp.com/assets/8234e0a75aa9afb205bd.woff2 was preloaded using link preload but not used within a few seconds from the window's load event. Please make sure it has an appropriate `as` value and it is preloaded intentionally.
[2024-10-11 00:26:34.996] [warn]  The resource https://discordapp.com/assets/b21c5111a12372139409.woff2 was preloaded using link preload but not used within a few seconds from the window's load event. Please make sure it has an appropriate `as` value and it is preloaded intentionally.
[2024-10-11 00:26:34.996] [warn]  The resource https://discordapp.com/assets/f5b8aa3411dfc24ff2e6.woff2 was preloaded using link preload but not used within a few seconds from the window's load event. Please make sure it has an appropriate `as` value and it is preloaded intentionally.
[2024-10-11 00:26:34.996] [warn]  The resource https://discordapp.com/assets/8bd8143eff37936894aa.woff2 was preloaded using link preload but not used within a few seconds from the window's load event. Please make sure it has an appropriate `as` value and it is preloaded intentionally.
[2024-10-11 00:26:34.997] [warn]  The resource https://discordapp.com/assets/48a594e29497835802fe.woff2 was preloaded using link preload but not used within a few seconds from the window's load event. Please make sure it has an appropriate `as` value and it is preloaded intentionally.
[2024-10-11 00:26:34.997] [warn]  The resource https://discordapp.com/assets/452d7be36bf4b23241bd.woff2 was preloaded using link preload but not used within a few seconds from the window's load event. Please make sure it has an appropriate `as` value and it is preloaded intentionally.
[2024-10-11 00:26:34.997] [warn]  The resource https://discordapp.com/assets/8234e0a75aa9afb205bd.woff2 was preloaded using link preload but not used within a few seconds from the window's load event. Please make sure it has an appropriate `as` value and it is preloaded intentionally.
[2024-10-11 00:28:34.200] [warn]  The resource https://discordapp.com/assets/b21c5111a12372139409.woff2 was preloaded using link preload but not used within a few seconds from the window's load event. Please make sure it has an appropriate `as` value and it is preloaded intentionally.
[2024-10-11 00:28:34.200] [warn]  The resource https://discordapp.com/assets/f5b8aa3411dfc24ff2e6.woff2 was preloaded using link preload but not used within a few seconds from the window's load event. Please make sure it has an appropriate `as` value and it is preloaded intentionally.
[2024-10-11 00:28:34.200] [warn]  The resource https://discordapp.com/assets/8bd8143eff37936894aa.woff2 was preloaded using link preload but not used within a few seconds from the window's load event. Please make sure it has an appropriate `as` value and it is preloaded intentionally.
[2024-10-11 00:28:34.200] [warn]  The resource https://discordapp.com/assets/48a594e29497835802fe.woff2 was preloaded using link preload but not used within a few seconds from the window's load event. Please make sure it has an appropriate `as` value and it is preloaded intentionally.
[2024-10-11 00:28:34.200] [warn]  The resource https://discordapp.com/assets/452d7be36bf4b23241bd.woff2 was preloaded using link preload but not used within a few seconds from the window's load event. Please make sure it has an appropriate `as` value and it is preloaded intentionally.
[2024-10-11 00:28:34.200] [warn]  The resource https://discordapp.com/assets/8234e0a75aa9afb205bd.woff2 was preloaded using link preload but not used within a few seconds from the window's load event. Please make sure it has an appropriate `as` value and it is preloaded intentionally.
[2024-10-11 00:28:58.895] [warn]  Window state not initialized window-1
[2024-10-11 00:28:58.895] [warn]  Window state not initialized window-1
[2024-10-11 00:28:58.895] [warn]  Window state not initialized window-1
[2024-10-11 00:28:58.896] [warn]  Window state not initialized window-1
[2024-10-11 00:28:58.896] [warn]  Window state not initialized window-1
[2024-10-11 00:28:58.896] [warn]  Window state not initialized window-1
[2024-10-11 00:28:58.896] [warn]  Window state not initialized window-1
[2024-10-11 00:28:58.896] [warn]  Window state not initialized window-1
[2024-10-11 00:28:58.896] [warn]  Window state not initialized window-1
[2024-10-11 00:28:58.896] [warn]  Window state not initialized window-1
[2024-10-11 00:28:58.897] [warn]  Window state not initialized window-1
[2024-10-11 00:28:58.897] [warn]  Window state not initialized window-1
[2024-10-11 00:28:58.897] [warn]  Window state not initialized window-1
[2024-10-11 00:28:58.897] [warn]  Window state not initialized window-1
[2024-10-11 00:28:58.897] [warn]  Window state not initialized window-1
[2024-10-11 00:28:58.897] [warn]  Window state not initialized window-1
[2024-10-11 00:28:58.898] [warn]  Window state not initialized window-1
[2024-10-11 00:28:58.898] [warn]  Window state not initialized window-1
[2024-10-11 00:28:58.898] [warn]  Window state not initialized window-1
[2024-10-11 00:28:58.898] [warn]  Window state not initialized window-1
[2024-10-11 00:28:58.898] [warn]  Window state not initialized window-1
[2024-10-11 00:28:58.898] [warn]  Window state not initialized window-1
[2024-10-11 00:28:58.898] [warn]  Window state not initialized window-1
[2024-10-11 00:28:58.898] [warn]  Window state not initialized window-1
[2024-10-11 00:28:58.898] [warn]  Window state not initialized window-1
[2024-10-11 00:28:58.899] [warn]  Window state not initialized window-1
[2024-10-11 00:28:58.899] [warn]  Window state not initialized window-1
[2024-10-11 00:28:58.899] [warn]  Window state not initialized window-1
[2024-10-11 00:28:58.899] [warn]  Window state not initialized window-1
[2024-10-11 00:28:58.899] [warn]  Window state not initialized window-1
[2024-10-11 00:28:58.899] [warn]  Window state not initialized window-1
[2024-10-11 00:28:58.899] [warn]  Window state not initialized window-1
[2024-10-11 00:28:58.899] [warn]  Window state not initialized window-1
[2024-10-11 00:28:58.899] [warn]  Window state not initialized window-1
[2024-10-11 00:28:58.899] [warn]  Window state not initialized window-1
[2024-10-11 00:28:58.900] [warn]  Window state not initialized window-1
[2024-10-11 00:28:58.900] [warn]  Window state not initialized window-1
[2024-10-11 00:28:58.900] [warn]  Window state not initialized window-1
[2024-10-11 00:28:58.900] [warn]  Window state not initialized window-1
[2024-10-11 00:28:58.900] [warn]  Window state not initialized window-1
[2024-10-11 00:28:58.900] [warn]  Window state not initialized window-1
[2024-10-11 00:28:58.900] [warn]  Window state not initialized window-1
[2024-10-11 00:28:58.900] [warn]  Window state not initialized window-1
[2024-10-11 00:28:58.900] [warn]  Window state not initialized window-1
[2024-10-11 00:28:58.900] [warn]  Window state not initialized window-1
[2024-10-11 00:28:58.901] [warn]  Window state not initialized window-1
[2024-10-11 00:28:58.901] [warn]  Window state not initialized window-1
[2024-10-11 00:28:58.901] [warn]  Window state not initialized window-1
[2024-10-11 00:28:58.901] [warn]  Window state not initialized window-1
[2024-10-11 00:28:58.901] [warn]  Window state not initialized window-1
[2024-10-11 00:28:58.901] [warn]  Window state not initialized window-1
[2024-10-11 00:28:58.901] [warn]  Window state not initialized window-1
[2024-10-11 00:28:58.902] [warn]  Window state not initialized window-1
[2024-10-11 00:28:58.902] [warn]  Window state not initialized window-1
[2024-10-11 00:28:58.902] [warn]  Window state not initialized window-1
[2024-10-11 00:28:58.902] [warn]  Window state not initialized window-1
[2024-10-11 00:28:58.902] [warn]  Window state not initialized window-1
