2024-10-11T05:22:45.630Z 0: 

----------------------------------------------
2024-10-11T05:22:45.636Z 1: Discord starting: {"releaseChannel":"stable","version":"0.0.71"}, modulepath: /home/vamshi/.config/discord/0.0.71/modules
2024-10-11T05:22:45.643Z 2: ✅ webContents.created web1 "index.html"
2024-10-11T05:22:45.650Z 3: ✅ window.created win1 "discord"
2024-10-11T05:22:45.828Z 4: ✅ webContents.did-finish-load web1
2024-10-11T05:22:52.857Z 5: ✅ webContents.created web2 ""
2024-10-11T05:22:52.861Z 6: ✅ window.created win2 "Discord"
2024-10-11T05:22:54.063Z 7: ✅ webContents.did-finish-load web2
2024-10-11T05:22:54.162Z 8: window.close win1
2024-10-11T05:22:54.171Z 9: webContents.destroyed web1
2024-10-11T05:22:54.174Z 10: window.closed win1
2024-10-11T05:23:31.246Z 11: before-quit
2024-10-11T05:24:30.395Z 0: 

----------------------------------------------
2024-10-11T05:24:30.423Z 1: Discord starting: {"releaseChannel":"stable","version":"0.0.71"}, modulepath: /home/vamshi/.config/discord/0.0.71/modules
2024-10-11T05:24:30.427Z 2: ✅ webContents.created web1 "index.html"
2024-10-11T05:24:30.430Z 3: ✅ window.created win1 "discord"
2024-10-11T05:24:30.589Z 4: ✅ webContents.did-finish-load web1
2024-10-11T05:24:30.882Z 5: ✅ webContents.created web2 ""
2024-10-11T05:24:30.886Z 6: ✅ window.created win2 "Discord"
2024-10-11T05:24:32.505Z 7: ✅ webContents.did-finish-load web2
2024-10-11T05:24:32.606Z 8: window.close win1
2024-10-11T05:24:32.631Z 9: webContents.destroyed web1
2024-10-11T05:24:32.635Z 10: window.closed win1
2024-10-11T05:28:30.989Z 11: window.close win2
2024-10-11T05:28:58.825Z 12: before-quit
2024-10-11T05:28:58.829Z 13: window.close win2
2024-10-11T05:28:58.902Z 14: webContents.destroyed web2
